[saund-harpreet.netlify.app/index.html]
[backblue.gif]
[fade.gif]
[index.html]
[saund-harpreet.netlify.app/images/suitcase.png]
[cdnjs.cloudflare.com/ajax/libs/node-waves/0.7.6/waves.min.css]
[unpkg.com/aos@next/dist/aos.2.delayed]
[unpkg.com/aos@3.0.0-beta.6/dist/aos.css]
[cdnjs.cloudflare.com/ajax/libs/OwlCarousel2/2.3.4/assets/owl.carousel.min.css]
[saund-harpreet.netlify.app/css/style.css]
[saund-harpreet.netlify.app/files/Resume.pdf]
[saund-harpreet.netlify.app/images/profile.png]
[code.jquery.com/jquery-3.5.1.min.js]
[cdnjs.cloudflare.com/ajax/libs/waypoints/4.0.1/jquery.waypoints.min.js]
[cdnjs.cloudflare.com/ajax/libs/OwlCarousel2/2.3.4/owl.carousel.min.js]
[cdnjs.cloudflare.com/ajax/libs/typed.js/2.0.11/typed.min.js]
[cdnjs.cloudflare.com/ajax/libs/node-waves/0.7.6/waves.min.js]
[saund-harpreet.netlify.app/js/protfolio.js]
[unpkg.com/aos@next/dist/aos.f.delayed]
[saund-harpreet.netlify.app/index.html]
[cdnjs.cloudflare.com/ajax/libs/node-waves/0.7.6/waves.min.css]
[unpkg.com/aos@3.0.0-beta.6/dist/aos.css]
[unpkg.com/aos@3.0.0-beta.6/dist/aos.js]
[cdnjs.cloudflare.com/ajax/libs/OwlCarousel2/2.3.4/assets/owl.carousel.min.css]
[saund-harpreet.netlify.app/css/style.css]
[kit.fontawesome.com/a076d05399.js]
[cdnjs.cloudflare.com/ajax/libs/OwlCarousel2/2.3.4/assets/owl.video.play.png]
